<?xml version="1.0" encoding="UTF-8"?>
<testng-results skipped="0" failed="0" ignored="0" total="1" passed="1">
  <reporter-output>
  </reporter-output>
  <suite name="Default suite" duration-ms="15142" started-at="2020-09-23T19:41:18Z" finished-at="2020-09-23T19:41:33Z">
    <groups>
    </groups>
    <test name="Default test" duration-ms="15142" started-at="2020-09-23T19:41:18Z" finished-at="2020-09-23T19:41:33Z">
      <class name="com.newConcepts.HandalingWebtable">
        <test-method status="PASS" signature="webtable()[pri:0, instance:com.newConcepts.HandalingWebtable@4f7d0008]" name="webtable" duration-ms="14945" started-at="2020-09-23T19:41:18Z" finished-at="2020-09-23T19:41:33Z">
          <reporter-output>
          </reporter-output>
        </test-method> <!-- webtable -->
      </class> <!-- com.newConcepts.HandalingWebtable -->
    </test> <!-- Default test -->
  </suite> <!-- Default suite -->
</testng-results>
